<?xml version="1.0" encoding="UTF-8"?>
<!-- Generated by org.testng.reporters.JUnitXMLReporter -->
<testsuite ignored="0" hostname="INLEN8520055657" failures="0" tests="2" name="Error Validations Test" time="17.647" errors="0" timestamp="2024-04-02T22:45:08 IST">
  <testcase classname="AnanayMahajan.tests.ErrorValidationsTest" name="LoginErrorValidation" time="0.912"/>
  <testcase classname="AnanayMahajan.tests.ErrorValidationsTest" name="ProductErrorValidation" time="2.72"/>
</testsuite> <!-- Error Validations Test -->
