<?xml version="1.0" encoding="UTF-8"?>
<!-- Generated by org.testng.reporters.JUnitXMLReporter -->
<testsuite ignored="0" hostname="INLEN8520055657" failures="0" tests="2" name="Default test" time="16.967" errors="0" timestamp="2024-04-02T22:37:39 IST">
  <testcase classname="AnanayMahajan.tests.ErrorValidationsTest" name="LoginErrorValidation" time="0.834"/>
  <testcase classname="AnanayMahajan.tests.ErrorValidationsTest" name="ProductErrorValidation" time="2.49"/>
</testsuite> <!-- Default test -->
