<?xml version="1.0" encoding="UTF-8"?>
<testng-results ignored="0" total="2" passed="2" failed="0" skipped="0">
  <reporter-output>
  </reporter-output>
  <suite started-at="2024-04-02T22:44:51 IST" name="Suite" finished-at="2024-04-02T22:45:08 IST" duration-ms="17647">
    <groups>
      <group name="ErrorHandling">
        <method signature="ErrorValidationsTest.LoginErrorValidation()[pri:0, instance:AnanayMahajan.tests.ErrorValidationsTest@76b07f29]" name="LoginErrorValidation" class="AnanayMahajan.tests.ErrorValidationsTest"/>
      </group> <!-- ErrorHandling -->
      <group name="Purchase">
        <method signature="SubmitOrderTest.submitOrder(java.util.HashMap)[pri:0, instance:AnanayMahajan.tests.SubmitOrderTest@71687585]" name="submitOrder" class="AnanayMahajan.tests.SubmitOrderTest"/>
      </group> <!-- Purchase -->
    </groups>
    <test started-at="2024-04-02T22:44:51 IST" name="Error Validations Test" finished-at="2024-04-02T22:45:08 IST" duration-ms="17647">
      <class name="AnanayMahajan.tests.ErrorValidationsTest">
        <test-method is-config="true" signature="launchApplication()[pri:0, instance:AnanayMahajan.tests.ErrorValidationsTest@76b07f29]" started-at="2024-04-02T22:44:51 IST" name="launchApplication" finished-at="2024-04-02T22:44:58 IST" duration-ms="7458" status="PASS">
          <reporter-output>
          </reporter-output>
        </test-method> <!-- launchApplication -->
        <test-method signature="LoginErrorValidation()[pri:0, instance:AnanayMahajan.tests.ErrorValidationsTest@76b07f29]" started-at="2024-04-02T22:44:58 IST" name="LoginErrorValidation" finished-at="2024-04-02T22:44:59 IST" duration-ms="912" status="PASS">
          <reporter-output>
          </reporter-output>
        </test-method> <!-- LoginErrorValidation -->
        <test-method is-config="true" signature="tearDown()[pri:0, instance:AnanayMahajan.tests.ErrorValidationsTest@76b07f29]" started-at="2024-04-02T22:44:59 IST" name="tearDown" finished-at="2024-04-02T22:44:59 IST" duration-ms="185" status="PASS">
          <reporter-output>
          </reporter-output>
        </test-method> <!-- tearDown -->
        <test-method is-config="true" signature="launchApplication()[pri:0, instance:AnanayMahajan.tests.ErrorValidationsTest@76b07f29]" started-at="2024-04-02T22:44:59 IST" name="launchApplication" finished-at="2024-04-02T22:45:06 IST" duration-ms="6155" status="PASS">
          <reporter-output>
          </reporter-output>
        </test-method> <!-- launchApplication -->
        <test-method signature="ProductErrorValidation()[pri:0, instance:AnanayMahajan.tests.ErrorValidationsTest@76b07f29]" started-at="2024-04-02T22:45:06 IST" name="ProductErrorValidation" finished-at="2024-04-02T22:45:08 IST" duration-ms="2720" status="PASS">
          <reporter-output>
          </reporter-output>
        </test-method> <!-- ProductErrorValidation -->
        <test-method is-config="true" signature="tearDown()[pri:0, instance:AnanayMahajan.tests.ErrorValidationsTest@76b07f29]" started-at="2024-04-02T22:45:08 IST" name="tearDown" finished-at="2024-04-02T22:45:08 IST" duration-ms="160" status="PASS">
          <reporter-output>
          </reporter-output>
        </test-method> <!-- tearDown -->
      </class> <!-- AnanayMahajan.tests.ErrorValidationsTest -->
    </test> <!-- Error Validations Test -->
  </suite> <!-- Suite -->
</testng-results>
